Vivado Simulator 2020.2
Copyright 1986-1999, 2001-2020 Xilinx, Inc. All Rights Reserved.
Running: D:/Vivado2020/Xilinx/Vivado/2020.2/bin/unwrapped/win64.o/xelab.exe -wto c1729f24d97b491a9a3da15cdbd46e14 --incr --debug typical --relax --mt 2 -L xil_defaultlib -L blk_mem_gen_v8_4_4 -L xlconstant_v1_1_7 -L unisims_ver -L unimacro_ver -L secureip -L xpm --snapshot hammingV1_wrapper_behav xil_defaultlib.hammingV1_wrapper xil_defaultlib.glbl -log elaborate.log 
Using 2 slave threads.
Starting static elaboration
Pass Through NonSizing Optimizer
Completed static elaboration
Starting simulation data flow analysis
Completed simulation data flow analysis
Time Resolution for simulation is 1ps
Compiling module xil_defaultlib.addressGenerator
Compiling module xil_defaultlib.hammingV1_addressGenerator_0_0
Compiling module blk_mem_gen_v8_4_4.blk_mem_gen_v8_4_4_output_stage(...
Compiling module blk_mem_gen_v8_4_4.blk_mem_gen_v8_4_4_output_stage(...
Compiling module blk_mem_gen_v8_4_4.blk_mem_gen_v8_4_4_softecc_outpu...
Compiling module blk_mem_gen_v8_4_4.blk_mem_gen_v8_4_4_mem_module(C_...
Compiling module blk_mem_gen_v8_4_4.blk_mem_gen_v8_4_4(C_FAMILY="zyn...
Compiling module xil_defaultlib.hammingV1_blk_mem_gen_0_0
Compiling module xlconstant_v1_1_7.xlconstant_v1_1_7_xlconstant(CON...
Compiling module xil_defaultlib.hammingV1_xlconstant_0_0
Compiling module blk_mem_gen_v8_4_4.blk_mem_gen_v8_4_4_output_stage(...
Compiling module blk_mem_gen_v8_4_4.blk_mem_gen_v8_4_4_output_stage(...
Compiling module blk_mem_gen_v8_4_4.blk_mem_gen_v8_4_4_softecc_outpu...
Compiling module blk_mem_gen_v8_4_4.blk_mem_gen_v8_4_4_mem_module(C_...
Compiling module blk_mem_gen_v8_4_4.blk_mem_gen_v8_4_4(C_FAMILY="zyn...
Compiling module xil_defaultlib.hammingV1_BlockMemoryGenerator_0
Compiling module xil_defaultlib.splitter
Compiling module xil_defaultlib.hammingV1_splitter_0_0
Compiling module xil_defaultlib.fixedPointMultiplier
Compiling module xil_defaultlib.hammingV1_fixedPointMultiplier_0...
Compiling module xil_defaultlib.hammingV1_fixedPointMultiplier_0...
Compiling module xil_defaultlib.hammingV1
Compiling module xil_defaultlib.hammingV1_wrapper
Compiling module xil_defaultlib.glbl
Built simulation snapshot hammingV1_wrapper_behav
